[debug] [2026-05-04T05:29:37.207Z] ----------------------------------------------------------------------
[debug] [2026-05-04T05:29:37.212Z] Command:       C:\Program Files\nodejs\node.exe C:\Users\KEVIEN NATHAN\AppData\Roaming\npm\node_modules\firebase-tools\lib\bin\firebase.js init
[debug] [2026-05-04T05:29:37.212Z] CLI Version:   15.16.0
[debug] [2026-05-04T05:29:37.212Z] Platform:      win32
[debug] [2026-05-04T05:29:37.212Z] Node Version:  v22.12.0
[debug] [2026-05-04T05:29:37.213Z] Time:          Mon May 04 2026 12:29:37 GMT+0700 (Western Indonesia Time)
[debug] [2026-05-04T05:29:37.213Z] ----------------------------------------------------------------------
[debug] 
[info] 
     ######## #### ########  ######## ########     ###     ######  ########
     ##        ##  ##     ## ##       ##     ##  ##   ##  ##       ##
     ######    ##  ########  ######   ########  #########  ######  ######
     ##        ##  ##    ##  ##       ##     ## ##     ##       ## ##
     ##       #### ##     ## ######## ########  ##     ##  ######  ########

You're about to initialize a Firebase project in this directory:

  C:\Users\KEVIEN NATHAN\erishop

[debug] [2026-05-04T05:30:16.299Z] ExitPromptError: User force closed the prompt with SIGINT
    at Interface.sigint (C:\Users\KEVIEN NATHAN\AppData\Roaming\npm\node_modules\firebase-tools\node_modules\@inquirer\core\dist\commonjs\lib\create-prompt.js:101:37)
    at Interface.emit (node:events:524:28)
    at [_ttyWrite] [as _ttyWrite] (node:internal/readline/interface:1124:18)
    at ReadStream.onkeypress (node:internal/readline/interface:263:20)
    at ReadStream.emit (node:events:536:35)
    at emitKeys (node:internal/readline/utils:370:14)
    at emitKeys.next (<anonymous>)
    at ReadStream.onData (node:internal/readline/emitKeypressEvents:64:36)
    at ReadStream.emit (node:events:524:28)
    at addChunk (node:internal/streams/readable:561:12)
[error] 
[error] Error: An unexpected error has occurred.
[debug] [2026-05-04T05:30:22.040Z] ----------------------------------------------------------------------
[debug] [2026-05-04T05:30:22.045Z] Command:       C:\Program Files\nodejs\node.exe C:\Users\KEVIEN NATHAN\AppData\Roaming\npm\node_modules\firebase-tools\lib\bin\firebase.js init
[debug] [2026-05-04T05:30:22.046Z] CLI Version:   15.16.0
[debug] [2026-05-04T05:30:22.046Z] Platform:      win32
[debug] [2026-05-04T05:30:22.046Z] Node Version:  v22.12.0
[debug] [2026-05-04T05:30:22.046Z] Time:          Mon May 04 2026 12:30:22 GMT+0700 (Western Indonesia Time)
[debug] [2026-05-04T05:30:22.046Z] ----------------------------------------------------------------------
[debug] 
[info] 
     ######## #### ########  ######## ########     ###     ######  ########
     ##        ##  ##     ## ##       ##     ##  ##   ##  ##       ##
     ######    ##  ########  ######   ########  #########  ######  ######
     ##        ##  ##    ##  ##       ##     ## ##     ##       ## ##
     ##       #### ##     ## ######## ########  ##     ##  ######  ########

You're about to initialize a Firebase project in this directory:

  C:\Users\KEVIEN NATHAN\erishop

[info] 
=== Project Setup
[info] 
[info] First, let's associate this project directory with a Firebase project.
[info] You can create multiple project aliases by running firebase use --add, 
[info] 
[debug] [2026-05-04T05:37:47.146Z] > command requires scopes: ["email","openid","https://www.googleapis.com/auth/cloudplatformprojects.readonly","https://www.googleapis.com/auth/firebase","https://www.googleapis.com/auth/cloud-platform"]
[debug] [2026-05-04T05:37:47.147Z] > authorizing via signed-in user (keviennathan23@gmail.com)
[debug] [2026-05-04T05:37:47.150Z] Checked if tokens are valid: true, expires at: 1777876159985
[debug] [2026-05-04T05:37:47.150Z] Checked if tokens are valid: true, expires at: 1777876159985
[debug] [2026-05-04T05:37:47.152Z] >>> [apiv2][query] GET https://firebase.googleapis.com/v1beta1/projects pageSize=100
[debug] [2026-05-04T05:37:48.054Z] <<< [apiv2][status] GET https://firebase.googleapis.com/v1beta1/projects 200
[debug] [2026-05-04T05:37:48.054Z] <<< [apiv2][body] GET https://firebase.googleapis.com/v1beta1/projects [omitted]
[info] 
=== Firestore Setup
[info] i  firestore: ensuring required API firestore.googleapis.com is enabled... 
[debug] [2026-05-04T05:37:51.795Z] Checked if tokens are valid: true, expires at: 1777876159985
[debug] [2026-05-04T05:37:51.795Z] Checked if tokens are valid: true, expires at: 1777876159985
[debug] [2026-05-04T05:37:51.795Z] >>> [apiv2][query] GET https://serviceusage.googleapis.com/v1/projects/erishop-468d0/services/firestore.googleapis.com [none]
[debug] [2026-05-04T05:37:51.795Z] >>> [apiv2][(partial)header] GET https://serviceusage.googleapis.com/v1/projects/erishop-468d0/services/firestore.googleapis.com  x-goog-user-project=erishop-468d0
[debug] [2026-05-04T05:37:53.279Z] <<< [apiv2][status] GET https://serviceusage.googleapis.com/v1/projects/erishop-468d0/services/firestore.googleapis.com 200
[debug] [2026-05-04T05:37:53.279Z] <<< [apiv2][body] GET https://serviceusage.googleapis.com/v1/projects/erishop-468d0/services/firestore.googleapis.com [omitted]
[warn] !  firestore: missing required API firestore.googleapis.com. Enabling now... 
[debug] [2026-05-04T05:37:53.281Z] Checked if tokens are valid: true, expires at: 1777876159985
[debug] [2026-05-04T05:37:53.281Z] Checked if tokens are valid: true, expires at: 1777876159985
[debug] [2026-05-04T05:37:53.281Z] >>> [apiv2][query] POST https://serviceusage.googleapis.com/v1/projects/erishop-468d0/services/firestore.googleapis.com:enable [none]
[debug] [2026-05-04T05:37:53.281Z] >>> [apiv2][(partial)header] POST https://serviceusage.googleapis.com/v1/projects/erishop-468d0/services/firestore.googleapis.com:enable  x-goog-user-project=erishop-468d0
[debug] [2026-05-04T05:37:54.655Z] <<< [apiv2][status] POST https://serviceusage.googleapis.com/v1/projects/erishop-468d0/services/firestore.googleapis.com:enable 200
[debug] [2026-05-04T05:37:54.655Z] <<< [apiv2][body] POST https://serviceusage.googleapis.com/v1/projects/erishop-468d0/services/firestore.googleapis.com:enable [omitted]
[debug] [2026-05-04T05:38:04.692Z] Checked if tokens are valid: true, expires at: 1777876159985
[debug] [2026-05-04T05:38:04.693Z] Checked if tokens are valid: true, expires at: 1777876159985
[debug] [2026-05-04T05:38:04.693Z] >>> [apiv2][query] GET https://firestore.googleapis.com/v1/projects/erishop-468d0/databases [none]
[debug] [2026-05-04T05:38:05.485Z] <<< [apiv2][status] GET https://firestore.googleapis.com/v1/projects/erishop-468d0/databases 200
[debug] [2026-05-04T05:38:05.486Z] <<< [apiv2][body] GET https://firestore.googleapis.com/v1/projects/erishop-468d0/databases {}
[debug] [2026-05-04T05:38:05.486Z] Checked if tokens are valid: true, expires at: 1777876159985
[debug] [2026-05-04T05:38:05.487Z] Checked if tokens are valid: true, expires at: 1777876159985
[debug] [2026-05-04T05:38:05.487Z] >>> [apiv2][query] GET https://firestore.googleapis.com/v1/projects/erishop-468d0/locations [none]
[debug] [2026-05-04T05:38:06.164Z] <<< [apiv2][status] GET https://firestore.googleapis.com/v1/projects/erishop-468d0/locations 200
[debug] [2026-05-04T05:38:06.166Z] <<< [apiv2][body] GET https://firestore.googleapis.com/v1/projects/erishop-468d0/locations {"locations":[{"name":"projects/erishop-468d0/locations/eur3","labels":{"appengine.googleapis.com/geo":"europe-west","cloud.googleapis.com/location":"eur3","cloud.googleapis.com/geo":"eur3"},"metadata":{"@type":"type.googleapis.com/google.firestore.admin.v1.LocationMetadata"},"locationId":"eur3","displayName":"Europe"},{"name":"projects/erishop-468d0/locations/nam5","labels":{"appengine.googleapis.com/geo":"us-central","cloud.googleapis.com/location":"nam5","cloud.googleapis.com/geo":"nam5"},"metadata":{"@type":"type.googleapis.com/google.firestore.admin.v1.LocationMetadata"},"locationId":"nam5","displayName":"United States"},{"name":"projects/erishop-468d0/locations/nam7","labels":{"cloud.googleapis.com/location":"nam7","cloud.googleapis.com/geo":"nam7"},"metadata":{"@type":"type.googleapis.com/google.firestore.admin.v1.LocationMetadata"},"locationId":"nam7","displayName":"United States"},{"name":"projects/erishop-468d0/locations/africa-south1","labels":{"cloud.googleapis.com/location":"africa-south1","cloud.googleapis.com/region":"africa-south1"},"metadata":{"@type":"type.googleapis.com/google.firestore.admin.v1.LocationMetadata"},"locationId":"africa-south1","displayName":"Johannesburg"},{"name":"projects/erishop-468d0/locations/asia-east1","labels":{"appengine.googleapis.com/region":"asia-east1","cloud.googleapis.com/location":"asia-east1","cloud.googleapis.com/region":"asia-east1"},"metadata":{"@type":"type.googleapis.com/google.firestore.admin.v1.LocationMetadata"},"locationId":"asia-east1","displayName":"Taiwan"},{"name":"projects/erishop-468d0/locations/asia-east2","labels":{"appengine.googleapis.com/region":"asia-east2","cloud.googleapis.com/location":"asia-east2","cloud.googleapis.com/region":"asia-east2"},"metadata":{"@type":"type.googleapis.com/google.firestore.admin.v1.LocationMetadata"},"locationId":"asia-east2","displayName":"Hong Kong"},{"name":"projects/erishop-468d0/locations/asia-northeast1","labels":{"appengine.googleapis.com/region":"asia-northeast1","cloud.googleapis.com/location":"asia-northeast1","cloud.googleapis.com/region":"asia-northeast1"},"metadata":{"@type":"type.googleapis.com/google.firestore.admin.v1.LocationMetadata"},"locationId":"asia-northeast1","displayName":"Tokyo"},{"name":"projects/erishop-468d0/locations/asia-northeast2","labels":{"appengine.googleapis.com/region":"asia-northeast2","cloud.googleapis.com/location":"asia-northeast2","cloud.googleapis.com/region":"asia-northeast2"},"metadata":{"@type":"type.googleapis.com/google.firestore.admin.v1.LocationMetadata"},"locationId":"asia-northeast2","displayName":"Osaka"},{"name":"projects/erishop-468d0/locations/asia-northeast3","labels":{"appengine.googleapis.com/region":"asia-northeast3","cloud.googleapis.com/location":"asia-northeast3","cloud.googleapis.com/region":"asia-northeast3"},"metadata":{"@type":"type.googleapis.com/google.firestore.admin.v1.LocationMetadata"},"locationId":"asia-northeast3","displayName":"Seoul"},{"name":"projects/erishop-468d0/locations/asia-south1","labels":{"appengine.googleapis.com/region":"asia-south1","cloud.googleapis.com/location":"asia-south1","cloud.googleapis.com/region":"asia-south1"},"metadata":{"@type":"type.googleapis.com/google.firestore.admin.v1.LocationMetadata"},"locationId":"asia-south1","displayName":"Mumbai"},{"name":"projects/erishop-468d0/locations/asia-south2","labels":{"cloud.googleapis.com/location":"asia-south2","cloud.googleapis.com/region":"asia-south2"},"metadata":{"@type":"type.googleapis.com/google.firestore.admin.v1.LocationMetadata"},"locationId":"asia-south2","displayName":"Delhi"},{"name":"projects/erishop-468d0/locations/asia-southeast1","labels":{"appengine.googleapis.com/region":"asia-southeast1","cloud.googleapis.com/location":"asia-southeast1","cloud.googleapis.com/region":"asia-southeast1"},"metadata":{"@type":"type.googleapis.com/google.firestore.admin.v1.LocationMetadata"},"locationId":"asia-southeast1","displayName":"Singapore"},{"name":"projects/erishop-468d0/locations/asia-southeast2","labels":{"appengine.googleapis.com/region":"asia-southeast2","cloud.googleapis.com/location":"asia-southeast2","cloud.googleapis.com/region":"asia-southeast2"},"metadata":{"@type":"type.googleapis.com/google.firestore.admin.v1.LocationMetadata"},"locationId":"asia-southeast2","displayName":"Jakarta"},{"name":"projects/erishop-468d0/locations/asia-southeast3","labels":{"cloud.googleapis.com/location":"asia-southeast3","cloud.googleapis.com/region":"asia-southeast3"},"metadata":{"@type":"type.googleapis.com/google.firestore.admin.v1.LocationMetadata"},"locationId":"asia-southeast3","displayName":"Bangkok"},{"name":"projects/erishop-468d0/locations/australia-southeast1","labels":{"appengine.googleapis.com/region":"australia-southeast1","cloud.googleapis.com/location":"australia-southeast1","cloud.googleapis.com/region":"australia-southeast1"},"metadata":{"@type":"type.googleapis.com/google.firestore.admin.v1.LocationMetadata"},"locationId":"australia-southeast1","displayName":"Sydney"},{"name":"projects/erishop-468d0/locations/australia-southeast2","labels":{"cloud.googleapis.com/location":"australia-southeast2","cloud.googleapis.com/region":"australia-southeast2"},"metadata":{"@type":"type.googleapis.com/google.firestore.admin.v1.LocationMetadata"},"locationId":"australia-southeast2","displayName":"Melbourne"},{"name":"projects/erishop-468d0/locations/europe-central2","labels":{"appengine.googleapis.com/region":"europe-central2","cloud.googleapis.com/location":"europe-central2","cloud.googleapis.com/region":"europe-central2"},"metadata":{"@type":"type.googleapis.com/google.firestore.admin.v1.LocationMetadata"},"locationId":"europe-central2","displayName":"Warsaw"},{"name":"projects/erishop-468d0/locations/europe-north1","labels":{"cloud.googleapis.com/location":"europe-north1","cloud.googleapis.com/region":"europe-north1"},"metadata":{"@type":"type.googleapis.com/google.firestore.admin.v1.LocationMetadata"},"locationId":"europe-north1","displayName":"Finland"},{"name":"projects/erishop-468d0/locations/europe-north2","labels":{"cloud.googleapis.com/location":"europe-north2","cloud.googleapis.com/region":"europe-north2"},"metadata":{"@type":"type.googleapis.com/google.firestore.admin.v1.LocationMetadata"},"locationId":"europe-north2","displayName":"Stockholm"},{"name":"projects/erishop-468d0/locations/europe-southwest1","labels":{"cloud.googleapis.com/location":"europe-southwest1","cloud.googleapis.com/region":"europe-southwest1"},"metadata":{"@type":"type.googleapis.com/google.firestore.admin.v1.LocationMetadata"},"locationId":"europe-southwest1","displayName":"Madrid"},{"name":"projects/erishop-468d0/locations/europe-west1","labels":{"cloud.googleapis.com/location":"europe-west1","cloud.googleapis.com/region":"europe-west1"},"metadata":{"@type":"type.googleapis.com/google.firestore.admin.v1.LocationMetadata"},"locationId":"europe-west1","displayName":"Belgium"},{"name":"projects/erishop-468d0/locations/europe-west10","labels":{"cloud.googleapis.com/location":"europe-west10","cloud.googleapis.com/region":"europe-west10"},"metadata":{"@type":"type.googleapis.com/google.firestore.admin.v1.LocationMetadata"},"locationId":"europe-west10","displayName":"Berlin"},{"name":"projects/erishop-468d0/locations/europe-west12","labels":{"cloud.googleapis.com/location":"europe-west12","cloud.googleapis.com/region":"europe-west12"},"metadata":{"@type":"type.googleapis.com/google.firestore.admin.v1.LocationMetadata"},"locationId":"europe-west12","displayName":"Turin"},{"name":"projects/erishop-468d0/locations/europe-west2","labels":{"appengine.googleapis.com/region":"europe-west2","cloud.googleapis.com/location":"europe-west2","cloud.googleapis.com/region":"europe-west2"},"metadata":{"@type":"type.googleapis.com/google.firestore.admin.v1.LocationMetadata"},"locationId":"europe-west2","displayName":"London"},{"name":"projects/erishop-468d0/locations/europe-west3","labels":{"appengine.googleapis.com/region":"europe-west3","cloud.googleapis.com/location":"europe-west3","cloud.googleapis.com/region":"europe-west3"},"metadata":{"@type":"type.googleapis.com/google.firestore.admin.v1.LocationMetadata"},"locationId":"europe-west3","displayName":"Frankfurt"},{"name":"projects/erishop-468d0/locations/europe-west4","labels":{"cloud.googleapis.com/location":"europe-west4","cloud.googleapis.com/region":"europe-west4"},"metadata":{"@type":"type.googleapis.com/google.firestore.admin.v1.LocationMetadata"},"locationId":"europe-west4","displayName":"Netherlands"},{"name":"projects/erishop-468d0/locations/europe-west6","labels":{"appengine.googleapis.com/region":"europe-west6","cloud.googleapis.com/location":"europe-west6","cloud.googleapis.com/region":"europe-west6"},"metadata":{"@type":"type.googleapis.com/google.firestore.admin.v1.LocationMetadata"},"locationId":"europe-west6","displayName":"Zurich"},{"name":"projects/erishop-468d0/locations/europe-west8","labels":{"cloud.googleapis.com/location":"europe-west8","cloud.googleapis.com/region":"europe-west8"},"metadata":{"@type":"type.googleapis.com/google.firestore.admin.v1.LocationMetadata"},"locationId":"europe-west8","displayName":"Milan"},{"name":"projects/erishop-468d0/locations/europe-west9","labels":{"cloud.googleapis.com/location":"europe-west9","cloud.googleapis.com/region":"europe-west9"},"metadata":{"@type":"type.googleapis.com/google.firestore.admin.v1.LocationMetadata"},"locationId":"europe-west9","displayName":"Paris"},{"name":"projects/erishop-468d0/locations/me-central1","labels":{"cloud.googleapis.com/location":"me-central1","cloud.googleapis.com/region":"me-central1"},"metadata":{"@type":"type.googleapis.com/google.firestore.admin.v1.LocationMetadata"},"locationId":"me-central1","displayName":"Doha"},{"name":"projects/erishop-468d0/locations/me-central2","labels":{"cloud.googleapis.com/location":"me-central2","cloud.googleapis.com/region":"me-central2"},"metadata":{"@type":"type.googleapis.com/google.firestore.admin.v1.LocationMetadata"},"locationId":"me-central2","displayName":"Dammam"},{"name":"projects/erishop-468d0/locations/me-west1","labels":{"cloud.googleapis.com/location":"me-west1","cloud.googleapis.com/region":"me-west1"},"metadata":{"@type":"type.googleapis.com/google.firestore.admin.v1.LocationMetadata"},"locationId":"me-west1","displayName":"Tel Aviv"},{"name":"projects/erishop-468d0/locations/northamerica-northeast1","labels":{"appengine.googleapis.com/region":"northamerica-northeast1","cloud.googleapis.com/location":"northamerica-northeast1","cloud.googleapis.com/region":"northamerica-northeast1"},"metadata":{"@type":"type.googleapis.com/google.firestore.admin.v1.LocationMetadata"},"locationId":"northamerica-northeast1","displayName":"Montréal"},{"name":"projects/erishop-468d0/locations/northamerica-northeast2","labels":{"cloud.googleapis.com/location":"northamerica-northeast2","cloud.googleapis.com/region":"northamerica-northeast2"},"metadata":{"@type":"type.googleapis.com/google.firestore.admin.v1.LocationMetadata"},"locationId":"northamerica-northeast2","displayName":"Toronto"},{"name":"projects/erishop-468d0/locations/northamerica-south1","labels":{"cloud.googleapis.com/location":"northamerica-south1","cloud.googleapis.com/region":"northamerica-south1"},"metadata":{"@type":"type.googleapis.com/google.firestore.admin.v1.LocationMetadata"},"locationId":"northamerica-south1","displayName":"Mexico"},{"name":"projects/erishop-468d0/locations/southamerica-east1","labels":{"appengine.googleapis.com/region":"southamerica-east1","cloud.googleapis.com/location":"southamerica-east1","cloud.googleapis.com/region":"southamerica-east1"},"metadata":{"@type":"type.googleapis.com/google.firestore.admin.v1.LocationMetadata"},"locationId":"southamerica-east1","displayName":"São Paulo"},{"name":"projects/erishop-468d0/locations/southamerica-west1","labels":{"cloud.googleapis.com/location":"southamerica-west1","cloud.googleapis.com/region":"southamerica-west1"},"metadata":{"@type":"type.googleapis.com/google.firestore.admin.v1.LocationMetadata"},"locationId":"southamerica-west1","displayName":"Santiago"},{"name":"projects/erishop-468d0/locations/us-central1","labels":{"cloud.googleapis.com/location":"us-central1","cloud.googleapis.com/region":"us-central1"},"metadata":{"@type":"type.googleapis.com/google.firestore.admin.v1.LocationMetadata"},"locationId":"us-central1","displayName":"Iowa"},{"name":"projects/erishop-468d0/locations/us-east1","labels":{"appengine.googleapis.com/region":"us-east1","cloud.googleapis.com/location":"us-east1","cloud.googleapis.com/region":"us-east1"},"metadata":{"@type":"type.googleapis.com/google.firestore.admin.v1.LocationMetadata"},"locationId":"us-east1","displayName":"South Carolina"},{"name":"projects/erishop-468d0/locations/us-east4","labels":{"appengine.googleapis.com/region":"us-east4","cloud.googleapis.com/location":"us-east4","cloud.googleapis.com/region":"us-east4"},"metadata":{"@type":"type.googleapis.com/google.firestore.admin.v1.LocationMetadata"},"locationId":"us-east4","displayName":"Northern Virginia"},{"name":"projects/erishop-468d0/locations/us-east5","labels":{"cloud.googleapis.com/location":"us-east5","cloud.googleapis.com/region":"us-east5"},"metadata":{"@type":"type.googleapis.com/google.firestore.admin.v1.LocationMetadata"},"locationId":"us-east5","displayName":"Columbus"},{"name":"projects/erishop-468d0/locations/us-south1","labels":{"cloud.googleapis.com/location":"us-south1","cloud.googleapis.com/region":"us-south1"},"metadata":{"@type":"type.googleapis.com/google.firestore.admin.v1.LocationMetadata"},"locationId":"us-south1","displayName":"Dallas"},{"name":"projects/erishop-468d0/locations/us-west1","labels":{"appengine.googleapis.com/region":"us-west1","cloud.googleapis.com/location":"us-west1","cloud.googleapis.com/region":"us-west1"},"metadata":{"@type":"type.googleapis.com/google.firestore.admin.v1.LocationMetadata"},"locationId":"us-west1","displayName":"Oregon"},{"name":"projects/erishop-468d0/locations/us-west2","labels":{"appengine.googleapis.com/region":"us-west2","cloud.googleapis.com/location":"us-west2","cloud.googleapis.com/region":"us-west2"},"metadata":{"@type":"type.googleapis.com/google.firestore.admin.v1.LocationMetadata"},"locationId":"us-west2","displayName":"Los Angeles"},{"name":"projects/erishop-468d0/locations/us-west3","labels":{"appengine.googleapis.com/region":"us-west3","cloud.googleapis.com/location":"us-west3","cloud.googleapis.com/region":"us-west3"},"metadata":{"@type":"type.googleapis.com/google.firestore.admin.v1.LocationMetadata"},"locationId":"us-west3","displayName":"Salt Lake City"},{"name":"projects/erishop-468d0/locations/us-west4","labels":{"appengine.googleapis.com/region":"us-west4","cloud.googleapis.com/location":"us-west4","cloud.googleapis.com/region":"us-west4"},"metadata":{"@type":"type.googleapis.com/google.firestore.admin.v1.LocationMetadata"},"locationId":"us-west4","displayName":"Las Vegas"}]}
[info] 
[info] Firestore Security Rules allow you to define how and when to allow
[info] requests. You can keep these rules in your project directory
[info] and publish them with firebase deploy.
[info] 
[debug] [2026-05-04T05:39:11.223Z] Checked if tokens are valid: true, expires at: 1777876159985
[debug] [2026-05-04T05:39:11.223Z] Checked if tokens are valid: true, expires at: 1777876159985
[debug] [2026-05-04T05:39:11.224Z] >>> [apiv2][query] GET https://firebaserules.googleapis.com/v1/projects/erishop-468d0/releases pageSize=10&pageToken=
[debug] [2026-05-04T05:39:12.646Z] <<< [apiv2][status] GET https://firebaserules.googleapis.com/v1/projects/erishop-468d0/releases 200
[debug] [2026-05-04T05:39:12.646Z] <<< [apiv2][body] GET https://firebaserules.googleapis.com/v1/projects/erishop-468d0/releases {}
[info] 
[info] Firestore indexes allow you to perform complex queries while
[info] maintaining performance that scales with the size of the result
[info] set. You can keep index definitions in your project directory
[info] and publish them with firebase deploy.
[info] 
[debug] [2026-05-04T05:39:12.669Z] Checked if tokens are valid: true, expires at: 1777876159985
[debug] [2026-05-04T05:39:12.669Z] Checked if tokens are valid: true, expires at: 1777876159985
[debug] [2026-05-04T05:39:12.670Z] Checked if tokens are valid: true, expires at: 1777876159985
[debug] [2026-05-04T05:39:12.670Z] Checked if tokens are valid: true, expires at: 1777876159985
[debug] [2026-05-04T05:39:12.670Z] >>> [apiv2][query] GET https://firestore.googleapis.com/v1/projects/erishop-468d0/databases/(default)/collectionGroups/-/indexes [none]
[debug] [2026-05-04T05:39:12.675Z] >>> [apiv2][query] GET https://firestore.googleapis.com/v1/projects/erishop-468d0/databases/(default)/collectionGroups/-/fields?filter=indexConfig.usesAncestorConfig=false OR ttlConfig:* [none]
[debug] [2026-05-04T05:39:13.550Z] <<< [apiv2][status] GET https://firestore.googleapis.com/v1/projects/erishop-468d0/databases/(default)/collectionGroups/-/indexes 404
[debug] [2026-05-04T05:39:13.550Z] <<< [apiv2][body] GET https://firestore.googleapis.com/v1/projects/erishop-468d0/databases/(default)/collectionGroups/-/indexes {"error":{"code":404,"message":"Project 'erishop-468d0' or database '(default)' does not exist.","status":"NOT_FOUND"}}
[info] +  Wrote firestore.rules 
[info] +  Wrote firestore.indexes.json 
[info] 
=== Genkit Setup
[debug] [2026-05-04T05:39:13.771Z] <<< [apiv2][status] GET https://firestore.googleapis.com/v1/projects/erishop-468d0/databases/(default)/collectionGroups/-/fields?filter=indexConfig.usesAncestorConfig=false OR ttlConfig:* 404
[debug] [2026-05-04T05:39:13.772Z] <<< [apiv2][body] GET https://firestore.googleapis.com/v1/projects/erishop-468d0/databases/(default)/collectionGroups/-/fields?filter=indexConfig.usesAncestorConfig=false OR ttlConfig:* {"error":{"code":404,"message":"Project 'erishop-468d0' or database '(default)' does not exist.","status":"NOT_FOUND"}}
[debug] [2026-05-04T05:39:24.760Z] > command requires scopes: ["email","openid","https://www.googleapis.com/auth/cloudplatformprojects.readonly","https://www.googleapis.com/auth/firebase","https://www.googleapis.com/auth/cloud-platform"]
[debug] [2026-05-04T05:39:24.761Z] > authorizing via signed-in user (keviennathan23@gmail.com)
[debug] [2026-05-04T05:39:24.761Z] [iam] checking project erishop-468d0 for permissions ["firebase.projects.get"]
[debug] [2026-05-04T05:39:24.762Z] Checked if tokens are valid: true, expires at: 1777876159985
[debug] [2026-05-04T05:39:24.762Z] Checked if tokens are valid: true, expires at: 1777876159985
[debug] [2026-05-04T05:39:24.762Z] >>> [apiv2][query] POST https://cloudresourcemanager.googleapis.com/v1/projects/erishop-468d0:testIamPermissions [none]
[debug] [2026-05-04T05:39:24.762Z] >>> [apiv2][(partial)header] POST https://cloudresourcemanager.googleapis.com/v1/projects/erishop-468d0:testIamPermissions  x-goog-user-project=erishop-468d0
[debug] [2026-05-04T05:39:24.762Z] >>> [apiv2][body] POST https://cloudresourcemanager.googleapis.com/v1/projects/erishop-468d0:testIamPermissions {"permissions":["firebase.projects.get"]}
[debug] [2026-05-04T05:39:25.987Z] <<< [apiv2][status] POST https://cloudresourcemanager.googleapis.com/v1/projects/erishop-468d0:testIamPermissions 200
[debug] [2026-05-04T05:39:25.987Z] <<< [apiv2][body] POST https://cloudresourcemanager.googleapis.com/v1/projects/erishop-468d0:testIamPermissions {"permissions":["firebase.projects.get"]}
[debug] [2026-05-04T05:39:25.989Z] Checked if tokens are valid: true, expires at: 1777876159985
[debug] [2026-05-04T05:39:25.989Z] Checked if tokens are valid: true, expires at: 1777876159985
[debug] [2026-05-04T05:39:25.990Z] Checked if tokens are valid: true, expires at: 1777876159985
[debug] [2026-05-04T05:39:25.990Z] Checked if tokens are valid: true, expires at: 1777876159985
[debug] [2026-05-04T05:39:25.990Z] >>> [apiv2][query] GET https://serviceusage.googleapis.com/v1/projects/erishop-468d0/services/cloudfunctions.googleapis.com [none]
[debug] [2026-05-04T05:39:25.991Z] >>> [apiv2][(partial)header] GET https://serviceusage.googleapis.com/v1/projects/erishop-468d0/services/cloudfunctions.googleapis.com  x-goog-user-project=erishop-468d0
[debug] [2026-05-04T05:39:25.995Z] >>> [apiv2][query] GET https://serviceusage.googleapis.com/v1/projects/erishop-468d0/services/runtimeconfig.googleapis.com [none]
[debug] [2026-05-04T05:39:25.995Z] >>> [apiv2][(partial)header] GET https://serviceusage.googleapis.com/v1/projects/erishop-468d0/services/runtimeconfig.googleapis.com  x-goog-user-project=erishop-468d0
[debug] [2026-05-04T05:39:27.425Z] <<< [apiv2][status] GET https://serviceusage.googleapis.com/v1/projects/erishop-468d0/services/runtimeconfig.googleapis.com 200
[debug] [2026-05-04T05:39:27.425Z] <<< [apiv2][body] GET https://serviceusage.googleapis.com/v1/projects/erishop-468d0/services/runtimeconfig.googleapis.com [omitted]
[debug] [2026-05-04T05:39:27.559Z] <<< [apiv2][status] GET https://serviceusage.googleapis.com/v1/projects/erishop-468d0/services/cloudfunctions.googleapis.com 200
[debug] [2026-05-04T05:39:27.559Z] <<< [apiv2][body] GET https://serviceusage.googleapis.com/v1/projects/erishop-468d0/services/cloudfunctions.googleapis.com [omitted]
[debug] [2026-05-04T05:39:27.559Z] Checked if tokens are valid: true, expires at: 1777876159985
[debug] [2026-05-04T05:39:27.559Z] Checked if tokens are valid: true, expires at: 1777876159985
[debug] [2026-05-04T05:39:27.560Z] >>> [apiv2][query] POST https://serviceusage.googleapis.com/v1/projects/erishop-468d0/services/cloudfunctions.googleapis.com:enable [none]
[debug] [2026-05-04T05:39:27.560Z] >>> [apiv2][(partial)header] POST https://serviceusage.googleapis.com/v1/projects/erishop-468d0/services/cloudfunctions.googleapis.com:enable  x-goog-user-project=erishop-468d0
[debug] [2026-05-04T05:39:28.063Z] <<< [apiv2][status] POST https://serviceusage.googleapis.com/v1/projects/erishop-468d0/services/cloudfunctions.googleapis.com:enable 200
[debug] [2026-05-04T05:39:28.063Z] <<< [apiv2][body] POST https://serviceusage.googleapis.com/v1/projects/erishop-468d0/services/cloudfunctions.googleapis.com:enable [omitted]
[info] Let's create a new codebase for your functions.
[info] A directory corresponding to the codebase will be created in your project
[info] with sample code pre-configured.

[info] See https://firebase.google.com/docs/functions/organize-functions for
[info] more information on organizing your functions using codebases.

[info] Functions can be deployed with firebase deploy.

[info] +  Wrote functions/.eslintrc.js 
[info] +  Wrote functions/tsconfig.dev.json 
[info] +  Wrote functions/package.json 
[info] +  Wrote functions/tsconfig.json 
[info] +  Wrote functions/src/index.ts 
[info] +  Wrote functions/.gitignore 
[info] 
[info] i  genkit: Installing Genkit CLI version 1.33.0
 
[info] i  genkit: Installing NPM packages for genkit 
[info] +  genkit: Successfully installed NPM packages 
[info] i  genkit: Updating tsconfig.json 
[info] +  genkit: Successfully updated tsconfig.json 
[info] i  genkit: Updating package.json 
[info] +  genkit: Successfully updated package.json 
[info] Telemetry data can be used to monitor and gain insights into your AI features. There may be a cost associated with using this feature. See https://firebase.google.com/docs/genkit/observability/telemetry-collection.
[info] i  genkit: Generating sample file 
[info] +  genkit: Successfully generated sample file (src/genkit-sample.ts) 
[info] 
[info] 
Login to Google Cloud using:
[info]     gcloud auth application-default login --project erishop-468d0

[info] Then start the Genkit developer experience by running:
[info]     cd functions && npm run genkit:start
[info] 
=== Functions Setup
[debug] [2026-05-04T05:45:42.101Z] > command requires scopes: ["email","openid","https://www.googleapis.com/auth/cloudplatformprojects.readonly","https://www.googleapis.com/auth/firebase","https://www.googleapis.com/auth/cloud-platform"]
[debug] [2026-05-04T05:45:42.104Z] > authorizing via signed-in user (keviennathan23@gmail.com)
[debug] [2026-05-04T05:45:42.105Z] [iam] checking project erishop-468d0 for permissions ["firebase.projects.get"]
[debug] [2026-05-04T05:45:42.106Z] Checked if tokens are valid: true, expires at: 1777876159985
[debug] [2026-05-04T05:45:42.106Z] Checked if tokens are valid: true, expires at: 1777876159985
[debug] [2026-05-04T05:45:42.106Z] >>> [apiv2][query] POST https://cloudresourcemanager.googleapis.com/v1/projects/erishop-468d0:testIamPermissions [none]
[debug] [2026-05-04T05:45:42.106Z] >>> [apiv2][(partial)header] POST https://cloudresourcemanager.googleapis.com/v1/projects/erishop-468d0:testIamPermissions  x-goog-user-project=erishop-468d0
[debug] [2026-05-04T05:45:42.106Z] >>> [apiv2][body] POST https://cloudresourcemanager.googleapis.com/v1/projects/erishop-468d0:testIamPermissions {"permissions":["firebase.projects.get"]}
[debug] [2026-05-04T05:45:43.331Z] <<< [apiv2][status] POST https://cloudresourcemanager.googleapis.com/v1/projects/erishop-468d0:testIamPermissions 200
[debug] [2026-05-04T05:45:43.332Z] <<< [apiv2][body] POST https://cloudresourcemanager.googleapis.com/v1/projects/erishop-468d0:testIamPermissions {"permissions":["firebase.projects.get"]}
[info] 
Detected existing codebase(s): default

[info] Let's create a new codebase for your functions.
[info] A directory corresponding to the codebase will be created in your project
[info] with sample code pre-configured.

[info] See https://firebase.google.com/docs/functions/organize-functions for
[info] more information on organizing your functions using codebases.

[info] Functions can be deployed with firebase deploy.

[debug] [2026-05-04T05:45:52.260Z] ExitPromptError: User force closed the prompt with SIGINT
    at Interface.sigint (C:\Users\KEVIEN NATHAN\AppData\Roaming\npm\node_modules\firebase-tools\node_modules\@inquirer\core\dist\commonjs\lib\create-prompt.js:101:37)
    at Interface.emit (node:events:524:28)
    at [_ttyWrite] [as _ttyWrite] (node:internal/readline/interface:1124:18)
    at ReadStream.onkeypress (node:internal/readline/interface:263:20)
    at ReadStream.emit (node:events:536:35)
    at emitKeys (node:internal/readline/utils:370:14)
    at emitKeys.next (<anonymous>)
    at ReadStream.onData (node:internal/readline/emitKeypressEvents:64:36)
    at ReadStream.emit (node:events:524:28)
    at addChunk (node:internal/streams/readable:561:12)
[error] 
[error] Error: An unexpected error has occurred.
